c:\users\dell\documents\visual studio 2015\projects\graphicstutorials\ishankingen\debug\ishankingen.pdb
c:\users\dell\documents\visual studio 2015\projects\graphicstutorials\ishankingen\debug\ishankingen.idb
c:\users\dell\documents\visual studio 2015\projects\graphicstutorials\ishankingen\debug\camera2d.obj
c:\users\dell\documents\visual studio 2015\projects\graphicstutorials\ishankingen\debug\errors.obj
c:\users\dell\documents\visual studio 2015\projects\graphicstutorials\ishankingen\debug\glslprogram.obj
c:\users\dell\documents\visual studio 2015\projects\graphicstutorials\ishankingen\debug\imageloader.obj
c:\users\dell\documents\visual studio 2015\projects\graphicstutorials\ishankingen\debug\inputmanager.obj
c:\users\dell\documents\visual studio 2015\projects\graphicstutorials\ishankingen\debug\iomanager.obj
c:\users\dell\documents\visual studio 2015\projects\graphicstutorials\ishankingen\debug\ishankingen.obj
c:\users\dell\documents\visual studio 2015\projects\graphicstutorials\ishankingen\debug\picopng.obj
c:\users\dell\documents\visual studio 2015\projects\graphicstutorials\ishankingen\debug\resourcemanager.obj
c:\users\dell\documents\visual studio 2015\projects\graphicstutorials\ishankingen\debug\sprite.obj
c:\users\dell\documents\visual studio 2015\projects\graphicstutorials\ishankingen\debug\spritebatch.obj
c:\users\dell\documents\visual studio 2015\projects\graphicstutorials\ishankingen\debug\texturecache.obj
c:\users\dell\documents\visual studio 2015\projects\graphicstutorials\ishankingen\debug\timing.obj
c:\users\dell\documents\visual studio 2015\projects\graphicstutorials\ishankingen\debug\window.obj
c:\users\dell\documents\visual studio 2015\projects\graphicstutorials\debug\ishankingen.lib
c:\users\dell\documents\visual studio 2015\projects\graphicstutorials\debug\ishankingen.pdb
c:\users\dell\documents\visual studio 2015\projects\graphicstutorials\ishankingen\debug\ishankingen.tlog\cl.command.1.tlog
c:\users\dell\documents\visual studio 2015\projects\graphicstutorials\ishankingen\debug\ishankingen.tlog\cl.read.1.tlog
c:\users\dell\documents\visual studio 2015\projects\graphicstutorials\ishankingen\debug\ishankingen.tlog\cl.write.1.tlog
c:\users\dell\documents\visual studio 2015\projects\graphicstutorials\ishankingen\debug\ishankingen.tlog\lib-link.read.1.tlog
c:\users\dell\documents\visual studio 2015\projects\graphicstutorials\ishankingen\debug\ishankingen.tlog\lib-link.write.1.tlog
c:\users\dell\documents\visual studio 2015\projects\graphicstutorials\ishankingen\debug\ishankingen.tlog\lib.command.1.tlog
