  Zombie.cpp
c:\users\dell\documents\visual studio 2015\projects\graphicstutorials\zombiegame\zombie.cpp(39): warning C4018: '<': signed/unsigned mismatch
  Player.cpp
  Maingame.cpp
c:\users\dell\documents\visual studio 2015\projects\graphicstutorials\zombiegame\maingame.cpp(28): warning C4018: '<': signed/unsigned mismatch
c:\users\dell\documents\visual studio 2015\projects\graphicstutorials\zombiegame\maingame.cpp(52): warning C4244: 'argument': conversion from 'time_t' to 'unsigned int', possible loss of data
c:\users\dell\documents\visual studio 2015\projects\graphicstutorials\zombiegame\maingame.cpp(65): warning C4018: '<': signed/unsigned mismatch
c:\users\dell\documents\visual studio 2015\projects\graphicstutorials\zombiegame\maingame.cpp(111): warning C4018: '<': signed/unsigned mismatch
c:\users\dell\documents\visual studio 2015\projects\graphicstutorials\zombiegame\maingame.cpp(116): warning C4018: '<': signed/unsigned mismatch
c:\users\dell\documents\visual studio 2015\projects\graphicstutorials\zombiegame\maingame.cpp(121): warning C4018: '<': signed/unsigned mismatch
c:\users\dell\documents\visual studio 2015\projects\graphicstutorials\zombiegame\maingame.cpp(122): warning C4018: '<': signed/unsigned mismatch
c:\users\dell\documents\visual studio 2015\projects\graphicstutorials\zombiegame\maingame.cpp(128): warning C4018: '<': signed/unsigned mismatch
c:\users\dell\documents\visual studio 2015\projects\graphicstutorials\zombiegame\maingame.cpp(129): warning C4018: '<': signed/unsigned mismatch
c:\users\dell\documents\visual studio 2015\projects\graphicstutorials\zombiegame\maingame.cpp(132): warning C4018: '<': signed/unsigned mismatch
c:\users\dell\documents\visual studio 2015\projects\graphicstutorials\zombiegame\maingame.cpp(160): warning C4244: 'argument': conversion from 'Sint32' to 'float', possible loss of data
c:\users\dell\documents\visual studio 2015\projects\graphicstutorials\zombiegame\maingame.cpp(200): warning C4018: '<': signed/unsigned mismatch
c:\users\dell\documents\visual studio 2015\projects\graphicstutorials\zombiegame\maingame.cpp(205): warning C4018: '<': signed/unsigned mismatch
  main.cpp
  Level.cpp
c:\users\dell\documents\visual studio 2015\projects\graphicstutorials\zombiegame\level.cpp(34): warning C4018: '<': signed/unsigned mismatch
c:\users\dell\documents\visual studio 2015\projects\graphicstutorials\zombiegame\level.cpp(35): warning C4018: '<': signed/unsigned mismatch
c:\users\dell\documents\visual studio 2015\projects\graphicstutorials\zombiegame\level.cpp(53): warning C4244: '=': conversion from 'int' to 'float', possible loss of data
c:\users\dell\documents\visual studio 2015\projects\graphicstutorials\zombiegame\level.cpp(54): warning C4244: '=': conversion from 'int' to 'float', possible loss of data
  Human.cpp
c:\users\dell\documents\visual studio 2015\projects\graphicstutorials\zombiegame\human.cpp(18): warning C4244: 'argument': conversion from 'time_t' to 'unsigned int', possible loss of data
c:\users\dell\documents\visual studio 2015\projects\graphicstutorials\zombiegame\human.cpp(37): warning C4244: 'argument': conversion from 'time_t' to 'unsigned int', possible loss of data
  Agent.cpp
c:\users\dell\documents\visual studio 2015\projects\graphicstutorials\zombiegame\agent.cpp(35): warning C4018: '<': signed/unsigned mismatch
c:\users\dell\documents\visual studio 2015\projects\graphicstutorials\zombiegame\agent.cpp(86): warning C4244: 'argument': conversion from 'float' to 'unsigned int', possible loss of data
  Generating Code...
c:\users\dell\documents\visual studio 2015\projects\graphicstutorials\zombiegame\zombie.cpp(49): warning C4715: 'Ishankingen::Zombie::getNearestHuman': not all control paths return a value
opengl32.lib(OPENGL32.dll) : warning LNK4006: __NULL_IMPORT_DESCRIPTOR already defined in SDL2.lib(SDL2.dll); second definition ignored
opengl32.lib(OPENGL32.dll) : warning LNK4221: This object file does not define any previously undefined public symbols, so it will not be used by any link operation that consumes this library
glew32.lib(glew32.dll) : warning LNK4006: __NULL_IMPORT_DESCRIPTOR already defined in SDL2.lib(SDL2.dll); second definition ignored
glew32.lib(glew32.dll) : warning LNK4221: This object file does not define any previously undefined public symbols, so it will not be used by any link operation that consumes this library
  ZombieGame.vcxproj -> C:\Users\dell\documents\visual studio 2015\Projects\graphicsTutorials\Debug\ZombieGame.lib
