c:\users\dell\documents\visual studio 2015\projects\graphicstutorials\zombiegame\debug\vc140.pdb
c:\users\dell\documents\visual studio 2015\projects\graphicstutorials\zombiegame\debug\vc140.idb
c:\users\dell\documents\visual studio 2015\projects\graphicstutorials\zombiegame\debug\agent.obj
c:\users\dell\documents\visual studio 2015\projects\graphicstutorials\zombiegame\debug\human.obj
c:\users\dell\documents\visual studio 2015\projects\graphicstutorials\zombiegame\debug\level.obj
c:\users\dell\documents\visual studio 2015\projects\graphicstutorials\zombiegame\debug\main.obj
c:\users\dell\documents\visual studio 2015\projects\graphicstutorials\zombiegame\debug\maingame.obj
c:\users\dell\documents\visual studio 2015\projects\graphicstutorials\zombiegame\debug\player.obj
c:\users\dell\documents\visual studio 2015\projects\graphicstutorials\zombiegame\debug\zombie.obj
c:\users\dell\documents\visual studio 2015\projects\graphicstutorials\zombiegame\debug\zombiegame.pdb
c:\users\dell\documents\visual studio 2015\projects\graphicstutorials\zombiegame\debug\zombiegame.idb
c:\users\dell\documents\visual studio 2015\projects\graphicstutorials\debug\zombiegame.lib
c:\users\dell\documents\visual studio 2015\projects\graphicstutorials\debug\zombiegame.pdb
c:\users\dell\documents\visual studio 2015\projects\graphicstutorials\zombiegame\debug\zombiegame.tlog\cl.command.1.tlog
c:\users\dell\documents\visual studio 2015\projects\graphicstutorials\zombiegame\debug\zombiegame.tlog\cl.read.1.tlog
c:\users\dell\documents\visual studio 2015\projects\graphicstutorials\zombiegame\debug\zombiegame.tlog\cl.write.1.tlog
c:\users\dell\documents\visual studio 2015\projects\graphicstutorials\zombiegame\debug\zombiegame.tlog\lib-link.read.1.tlog
c:\users\dell\documents\visual studio 2015\projects\graphicstutorials\zombiegame\debug\zombiegame.tlog\lib-link.write.1.tlog
c:\users\dell\documents\visual studio 2015\projects\graphicstutorials\zombiegame\debug\zombiegame.tlog\lib.command.1.tlog
c:\users\dell\documents\visual studio 2015\projects\graphicstutorials\zombiegame\debug\zombiegame.tlog\link-cvtres.read.1.tlog
c:\users\dell\documents\visual studio 2015\projects\graphicstutorials\zombiegame\debug\zombiegame.tlog\link-cvtres.write.1.tlog
c:\users\dell\documents\visual studio 2015\projects\graphicstutorials\zombiegame\debug\zombiegame.tlog\link-rc.read.1.tlog
c:\users\dell\documents\visual studio 2015\projects\graphicstutorials\zombiegame\debug\zombiegame.tlog\link-rc.write.1.tlog
c:\users\dell\documents\visual studio 2015\projects\graphicstutorials\zombiegame\debug\zombiegame.tlog\link.command.1.tlog
c:\users\dell\documents\visual studio 2015\projects\graphicstutorials\zombiegame\debug\zombiegame.tlog\link.read.1.tlog
c:\users\dell\documents\visual studio 2015\projects\graphicstutorials\zombiegame\debug\zombiegame.tlog\link.write.1.tlog
